Using pre-set license
Built from '2020.3/release' branch; Version is '2020.3.27f1 (e759542391ea) revision 15161684'; Using compiler version '192528614'; Build Type 'Release'
OS: 'Windows 10  (10.0.18363) 64bit Professional' Language: 'en' Physical Memory: 16025 MB
BatchMode: 1, IsHumanControllingUs: 0, StartBugReporterOnCrash: 0, Is64bit: 1, IsPro: 0

COMMAND LINE ARGUMENTS:
C:\Program Files\Unity\Hub\Editor\2020.3.27f1\Editor\Unity.exe
-adb2
-batchMode
-noUpm
-name
AssetImportWorker0
-projectPath
C:/Users/HP/Documents/GitHub/Wedding-Flow
-logFile
Logs/AssetImportWorker0.log
-srvPort
63422
Successfully changed project path to: C:/Users/HP/Documents/GitHub/Wedding-Flow
C:/Users/HP/Documents/GitHub/Wedding-Flow
Using Asset Import Pipeline V2.
Refreshing native plugins compatible for Editor in 75.92 ms, found 2 plugins.
Preloading 0 native plugins for Editor in 0.00 ms.
Initialize engine version: 2020.3.27f1 (e759542391ea)
[Subsystems] Discovering subsystems at path C:/Program Files/Unity/Hub/Editor/2020.3.27f1/Editor/Data/Resources/UnitySubsystems
[Subsystems] Discovering subsystems at path C:/Users/HP/Documents/GitHub/Wedding-Flow/Assets
GfxDevice: creating device client; threaded=0
Direct3D:
    Version:  Direct3D 11.0 [level 11.0]
    Renderer: NVIDIA Quadro K3100M (ID=0x11b6)
    Vendor:   
    VRAM:     4052 MB
    Driver:   25.21.14.2553
Initialize mono
Mono path[0] = 'C:/Program Files/Unity/Hub/Editor/2020.3.27f1/Editor/Data/Managed'
Mono path[1] = 'C:/Program Files/Unity/Hub/Editor/2020.3.27f1/Editor/Data/MonoBleedingEdge/lib/mono/unityjit'
Mono config path = 'C:/Program Files/Unity/Hub/Editor/2020.3.27f1/Editor/Data/MonoBleedingEdge/etc'
Using monoOptions --debugger-agent=transport=dt_socket,embedding=1,server=y,suspend=n,address=127.0.0.1:56164
Begin MonoManager ReloadAssembly
Registering precompiled unity dll's ...
Register platform support module: C:/Program Files/Unity/Hub/Editor/2020.3.27f1/Editor/Data/PlaybackEngines/WindowsStandaloneSupport/UnityEditor.WindowsStandalone.Extensions.dll
Registered in 0.001978 seconds.
Native extension for WindowsStandalone target not found
Refreshing native plugins compatible for Editor in 71.01 ms, found 2 plugins.
Preloading 0 native plugins for Editor in 0.00 ms.
Mono: successfully reloaded assembly
- Completed reload, in  0.698 seconds
Domain Reload Profiling:
	ReloadAssembly (699ms)
		BeginReloadAssembly (71ms)
			ExecutionOrderSort (0ms)
			DisableScriptedObjects (0ms)
			BackupInstance (0ms)
			ReleaseScriptingObjects (0ms)
			CreateAndSetChildDomain (1ms)
		EndReloadAssembly (547ms)
			LoadAssemblies (68ms)
			RebuildTransferFunctionScriptingTraits (0ms)
			SetupTypeCache (173ms)
			ReleaseScriptCaches (0ms)
			RebuildScriptCaches (41ms)
			SetupLoadedEditorAssemblies (211ms)
				LogAssemblyErrors (0ms)
				InitializePlatformSupportModulesInManaged (4ms)
				SetLoadedEditorAssemblies (0ms)
				RefreshPlugins (71ms)
				BeforeProcessingInitializeOnLoad (18ms)
				ProcessInitializeOnLoadAttributes (87ms)
				ProcessInitializeOnLoadMethodAttributes (31ms)
				AfterProcessingInitializeOnLoad (0ms)
				EditorAssembliesLoaded (0ms)
			ExecutionOrderSort2 (0ms)
			AwakeInstancesAfterBackupRestoration (0ms)
Platform modules already initialized, skipping
Registering precompiled user dll's ...
Registered in 0.008849 seconds.
Begin MonoManager ReloadAssembly
Native extension for WindowsStandalone target not found
Refreshing native plugins compatible for Editor in 0.74 ms, found 2 plugins.
Preloading 0 native plugins for Editor in 0.00 ms.
Mono: successfully reloaded assembly
- Completed reload, in  1.007 seconds
Domain Reload Profiling:
	ReloadAssembly (1008ms)
		BeginReloadAssembly (173ms)
			ExecutionOrderSort (0ms)
			DisableScriptedObjects (5ms)
			BackupInstance (0ms)
			ReleaseScriptingObjects (0ms)
			CreateAndSetChildDomain (23ms)
		EndReloadAssembly (753ms)
			LoadAssemblies (100ms)
			RebuildTransferFunctionScriptingTraits (0ms)
			SetupTypeCache (288ms)
			ReleaseScriptCaches (1ms)
			RebuildScriptCaches (32ms)
			SetupLoadedEditorAssemblies (238ms)
				LogAssemblyErrors (0ms)
				InitializePlatformSupportModulesInManaged (5ms)
				SetLoadedEditorAssemblies (1ms)
				RefreshPlugins (1ms)
				BeforeProcessingInitializeOnLoad (112ms)
				ProcessInitializeOnLoadAttributes (109ms)
				ProcessInitializeOnLoadMethodAttributes (4ms)
				AfterProcessingInitializeOnLoad (7ms)
				EditorAssembliesLoaded (0ms)
			ExecutionOrderSort2 (0ms)
			AwakeInstancesAfterBackupRestoration (8ms)
Platform modules already initialized, skipping
========================================================================
Worker process is ready to serve import requests
Launched and connected shader compiler UnityShaderCompiler.exe after 0.06 seconds
Refreshing native plugins compatible for Editor in 0.71 ms, found 2 plugins.
Preloading 0 native plugins for Editor in 0.00 ms.
Unloading 3232 Unused Serialized files (Serialized files now loaded: 0)
System memory in use before: 133.7 MB.
System memory in use after: 133.9 MB.

Unloading 21 unused Assets to reduce memory usage. Loaded Objects now: 3662.
Total: 3.060400 ms (FindLiveObjects: 0.268900 ms CreateObjectMapping: 0.145600 ms MarkObjects: 2.568800 ms  DeleteObjects: 0.076000 ms)

AssetImportParameters requested are different than current active one (requested -> active):
  custom:framework-win-MediaFoundation: 216162199b28c13a410421893ffa2e32 -> 
  custom:video-decoder-ogg-theora: a1e56fd34408186e4bbccfd4996cb3dc -> 
  custom:container-muxer-webm: aa71ff27fc2769a1b78a27578f13a17b -> 
  custom:container-demuxer-webm: 4f35f7cbe854078d1ac9338744f61a02 -> 
  custom:container-demuxer-ogg: 62fdf1f143b41e24485cea50d1cbac27 -> 
  custom:video-encoder-webm-vp8: eb34c28f22e8b96e1ab97ce403110664 -> 
  custom:video-decoder-webm-vp8: 9c59270c3fd7afecdb556c50c9e8de78 -> 
  custom:audio-decoder-ogg-vorbis: bf7c407c2cedff20999df2af8eb42d56 -> 
  custom:audio-encoder-webm-vorbis: bf7c407c2cedff20999df2af8eb42d56 -> 
========================================================================
Received Import Request.
  path: Assets/Scenes/Configurator.unity
  artifactKey: Guid(bf8aaece1ffc0c84089684fb1599edd6) Importer(815301076,1909f56bfc062723c751e8b465ee728b)
Start importing Assets/Scenes/Configurator.unity using Guid(bf8aaece1ffc0c84089684fb1599edd6) Importer(815301076,1909f56bfc062723c751e8b465ee728b)  -> (artifact id: '546cada9075641d9286f51cc8455ac01') in 0.019058 seconds 
  Import took 0.025027 seconds .

========================================================================
Received Import Request.
  Time since last request: 6.676249 seconds.
  path: Assets/Prefabs/Configurator Prefabs/Attendent1.prefab
  artifactKey: Guid(a1a58486b8dfe874ab33516c1ffecce7) Importer(815301076,1909f56bfc062723c751e8b465ee728b)
Start importing Assets/Prefabs/Configurator Prefabs/Attendent1.prefab using Guid(a1a58486b8dfe874ab33516c1ffecce7) Importer(815301076,1909f56bfc062723c751e8b465ee728b)  -> (artifact id: '7afa61cde55ec4d1dc8bf41cb6a8184e') in 0.048278 seconds 
  Import took 0.053945 seconds .

========================================================================
Received Import Request.
  Time since last request: 0.000220 seconds.
  path: Assets/Prefabs/Configurator Prefabs/Piano.prefab
  artifactKey: Guid(030d303fb42123141bccfd96df4beac5) Importer(815301076,1909f56bfc062723c751e8b465ee728b)
Start importing Assets/Prefabs/Configurator Prefabs/Piano.prefab using Guid(030d303fb42123141bccfd96df4beac5) Importer(815301076,1909f56bfc062723c751e8b465ee728b)  -> (artifact id: '0f246f4113057ae9e8caca3103ceda43') in 0.010264 seconds 
  Import took 0.016156 seconds .

========================================================================
Received Import Request.
  Time since last request: 0.000227 seconds.
  path: Assets/Prefabs/Configurator Prefabs/Attendent2.prefab
  artifactKey: Guid(055680cd0cee8d4408ec30acdf523abf) Importer(815301076,1909f56bfc062723c751e8b465ee728b)
Start importing Assets/Prefabs/Configurator Prefabs/Attendent2.prefab using Guid(055680cd0cee8d4408ec30acdf523abf) Importer(815301076,1909f56bfc062723c751e8b465ee728b)  -> (artifact id: 'a7c4ca21cd20a1e3385d5fe4f9c142c7') in 0.009968 seconds 
  Import took 0.016551 seconds .

========================================================================
Received Import Request.
  Time since last request: 0.000231 seconds.
  path: Assets/Prefabs/Configurator Prefabs/ShampaneTable.prefab
  artifactKey: Guid(17b6bc9d000bd80498f6b7476fc1edff) Importer(815301076,1909f56bfc062723c751e8b465ee728b)
Start importing Assets/Prefabs/Configurator Prefabs/ShampaneTable.prefab using Guid(17b6bc9d000bd80498f6b7476fc1edff) Importer(815301076,1909f56bfc062723c751e8b465ee728b)  -> (artifact id: '8bf7caa390c123d8cebcffa23679ef77') in 0.012513 seconds 
  Import took 0.019420 seconds .

========================================================================
Received Import Request.
  Time since last request: 0.000222 seconds.
  path: Assets/Prefabs/Configurator Prefabs/Chair.prefab
  artifactKey: Guid(631e0b58e56c7274187e52b41b42ce2b) Importer(815301076,1909f56bfc062723c751e8b465ee728b)
Start importing Assets/Prefabs/Configurator Prefabs/Chair.prefab using Guid(631e0b58e56c7274187e52b41b42ce2b) Importer(815301076,1909f56bfc062723c751e8b465ee728b)  -> (artifact id: '9a40a912bc42209a3fa42e030db26680') in 0.010935 seconds 
  Import took 0.017008 seconds .

AssetImportWorkerClient::OnTransportError - code=2 error=End of file
